  tdpch.cpp
  Game.cpp
C:\dev\Tower-Delivery\TowerDelivery\src\TowerDelivery\Log.h(17,56): warning C4251: 'TowerDelivery::Log::s_ClientLogger': class 'std::shared_ptr<spdlog::logger>' needs to have dll-interface to be used by clients of class 'TowerDelivery::Log'
C:\dev\Tower-Delivery\TowerDelivery\vendor\spdlog\include\spdlog\details\registry.h(34): message : see declaration of 'std::shared_ptr<spdlog::logger>'
C:\dev\Tower-Delivery\TowerDelivery\src\TowerDelivery\Log.h(18,54): warning C4251: 'TowerDelivery::Log::s_CoreLogger': class 'std::shared_ptr<spdlog::logger>' needs to have dll-interface to be used by clients of class 'TowerDelivery::Log'
C:\dev\Tower-Delivery\TowerDelivery\vendor\spdlog\include\spdlog\details\registry.h(34): message : see declaration of 'std::shared_ptr<spdlog::logger>'
C:\dev\Tower-Delivery\TowerDelivery\src\TowerDelivery\Layer.h(21,26): warning C4251: 'TowerDelivery::Layer::m_DebugName': class 'std::basic_string<char,std::char_traits<char>,std::allocator<char>>' needs to have dll-interface to be used by clients of class 'TowerDelivery::Layer'
C:\Program Files (x86)\Microsoft Visual Studio\2019\Community\VC\Tools\MSVC\14.28.29910\include\xstring(4648): message : see declaration of 'std::basic_string<char,std::char_traits<char>,std::allocator<char>>'
C:\dev\Tower-Delivery\TowerDelivery\src\TowerDelivery\LayerStack.h(26,31): warning C4251: 'TowerDelivery::LayerStack::m_Layers': class 'std::vector<TowerDelivery::Layer *,std::allocator<TowerDelivery::Layer *>>' needs to have dll-interface to be used by clients of class 'TowerDelivery::LayerStack'
C:\dev\Tower-Delivery\TowerDelivery\src\TowerDelivery\LayerStack.h(22): message : see declaration of 'std::vector<TowerDelivery::Layer *,std::allocator<TowerDelivery::Layer *>>'
C:\dev\Tower-Delivery\TowerDelivery\src\TowerDelivery\LayerStack.h(27,46): warning C4251: 'TowerDelivery::LayerStack::m_LayerInsert': class 'std::_Vector_iterator<std::_Vector_val<std::_Simple_types<_Ty>>>' needs to have dll-interface to be used by clients of class 'TowerDelivery::LayerStack'
          with
          [
              _Ty=TowerDelivery::Layer *
          ]
C:\Program Files (x86)\Microsoft Visual Studio\2019\Community\VC\Tools\MSVC\14.28.29910\include\vector(443): message : see declaration of 'std::_Vector_iterator<std::_Vector_val<std::_Simple_types<_Ty>>>'
          with
          [
              _Ty=TowerDelivery::Layer *
          ]
C:\dev\Tower-Delivery\TowerDelivery\src\TowerDelivery\Application.h(29,35): warning C4251: 'TowerDelivery::Application::m_Window': class 'std::unique_ptr<TowerDelivery::Window,std::default_delete<TowerDelivery::Window>>' needs to have dll-interface to be used by clients of class 'TowerDelivery::Application'
C:\dev\Tower-Delivery\TowerDelivery\src\TowerDelivery\Application.h(29): message : see declaration of 'std::unique_ptr<TowerDelivery::Window,std::default_delete<TowerDelivery::Window>>'
  Game.vcxproj -> C:\dev\Tower-Delivery\bin\Debug-windows-x86_64\Game\Game.exe
