c:\dev\tower-delivery\bin-int\debug-windows-x86_64\towerdelivery\vc142.pdb
c:\dev\tower-delivery\bin-int\debug-windows-x86_64\towerdelivery\vc142.idb
c:\dev\tower-delivery\bin-int\debug-windows-x86_64\towerdelivery\log.obj
c:\dev\tower-delivery\bin-int\debug-windows-x86_64\towerdelivery\application.obj
c:\dev\tower-delivery\bin-int\debug-windows-x86_64\towerdelivery\towerdelivery.pch
c:\dev\tower-delivery\bin-int\debug-windows-x86_64\towerdelivery\tdpch.obj
c:\dev\tower-delivery\bin\debug-windows-x86_64\towerdelivery\towerdelivery.ilk
c:\dev\tower-delivery\bin\debug-windows-x86_64\towerdelivery\towerdelivery.dll
c:\dev\tower-delivery\bin\debug-windows-x86_64\towerdelivery\towerdelivery.pdb
c:\dev\tower-delivery\bin\debug-windows-x86_64\towerdelivery\towerdelivery.lib
c:\dev\tower-delivery\bin\debug-windows-x86_64\towerdelivery\towerdelivery.exp
c:\dev\tower-delivery\bin-int\debug-windows-x86_64\towerdelivery\windowswindow.obj
c:\dev\tower-delivery\bin-int\debug-windows-x86_64\towerdelivery\towerdelivery.tlog\cl.command.1.tlog
c:\dev\tower-delivery\bin-int\debug-windows-x86_64\towerdelivery\towerdelivery.tlog\cl.read.1.tlog
c:\dev\tower-delivery\bin-int\debug-windows-x86_64\towerdelivery\towerdelivery.tlog\cl.write.1.tlog
c:\dev\tower-delivery\bin-int\debug-windows-x86_64\towerdelivery\towerdelivery.tlog\link.11080.delete.1.tlog
c:\dev\tower-delivery\bin-int\debug-windows-x86_64\towerdelivery\towerdelivery.tlog\link.15940.delete.1.tlog
c:\dev\tower-delivery\bin-int\debug-windows-x86_64\towerdelivery\towerdelivery.tlog\link.2840.delete.1.tlog
c:\dev\tower-delivery\bin-int\debug-windows-x86_64\towerdelivery\towerdelivery.tlog\link.4972.delete.1.tlog
c:\dev\tower-delivery\bin-int\debug-windows-x86_64\towerdelivery\towerdelivery.tlog\link.8480.delete.1.tlog
c:\dev\tower-delivery\bin-int\debug-windows-x86_64\towerdelivery\towerdelivery.tlog\link.9740.delete.1.tlog
c:\dev\tower-delivery\bin-int\debug-windows-x86_64\towerdelivery\towerdelivery.tlog\link.command.1.tlog
c:\dev\tower-delivery\bin-int\debug-windows-x86_64\towerdelivery\towerdelivery.tlog\link.delete.1.tlog
c:\dev\tower-delivery\bin-int\debug-windows-x86_64\towerdelivery\towerdelivery.tlog\link.read.1.tlog
c:\dev\tower-delivery\bin-int\debug-windows-x86_64\towerdelivery\towerdelivery.tlog\link.write.1.tlog
c:\dev\tower-delivery\bin-int\debug-windows-x86_64\towerdelivery\towerdelivery.tlog\towerdelivery.write.1u.tlog
